ReferenceError: echo is not defined
  at Object.<anonymous> (/Users/Brian/Desktop/demoApp/server.coffee:1:1)
  at Object.<anonymous> (/Users/Brian/Desktop/demoApp/server.coffee:1:1)
  at Module._compile (module.js:456:26)
  at Object.loadFile (/usr/local/lib/node_modules/pm2/node_modules/coffee-script/lib/coffee-script/register.js:16:19)
  at Module.load (/usr/local/lib/node_modules/pm2/node_modules/coffee-script/lib/coffee-script/register.js:45:36)
  at Function.Module._load (module.js:312:12)
  at Module.require (module.js:364:17)
  at require (module.js:380:17)
  at /usr/local/lib/node_modules/pm2/lib/ProcessContainer.js:185:5
  at WriteStream.<anonymous> (/usr/local/lib/node_modules/pm2/lib/ProcessContainer.js:128:9)
  at WriteStream.EventEmitter.emit (events.js:95:17)
  at WriteStream.<anonymous> (fs.js:1662:10)
  at Object.oncomplete (fs.js:107:15)
ReferenceError: echo is not defined
  at Object.<anonymous> (/Users/Brian/Desktop/demoApp/server.coffee:1:1)
  at Object.<anonymous> (/Users/Brian/Desktop/demoApp/server.coffee:1:1)
  at Module._compile (module.js:456:26)
  at Object.loadFile (/usr/local/lib/node_modules/pm2/node_modules/coffee-script/lib/coffee-script/register.js:16:19)
  at Module.load (/usr/local/lib/node_modules/pm2/node_modules/coffee-script/lib/coffee-script/register.js:45:36)
  at Function.Module._load (module.js:312:12)
  at Module.require (module.js:364:17)
  at require (module.js:380:17)
  at /usr/local/lib/node_modules/pm2/lib/ProcessContainer.js:185:5
  at WriteStream.<anonymous> (/usr/local/lib/node_modules/pm2/lib/ProcessContainer.js:128:9)
  at WriteStream.EventEmitter.emit (events.js:95:17)
  at WriteStream.<anonymous> (fs.js:1662:10)
  at Object.oncomplete (fs.js:107:15)
ReferenceError: echo is not defined
  at Object.<anonymous> (/Users/Brian/Desktop/demoApp/server.coffee:1:1)
  at Object.<anonymous> (/Users/Brian/Desktop/demoApp/server.coffee:1:1)
  at Module._compile (module.js:456:26)
  at Object.loadFile (/usr/local/lib/node_modules/pm2/node_modules/coffee-script/lib/coffee-script/register.js:16:19)
  at Module.load (/usr/local/lib/node_modules/pm2/node_modules/coffee-script/lib/coffee-script/register.js:45:36)
  at Function.Module._load (module.js:312:12)
  at Module.require (module.js:364:17)
  at require (module.js:380:17)
  at /usr/local/lib/node_modules/pm2/lib/ProcessContainer.js:185:5
  at WriteStream.<anonymous> (/usr/local/lib/node_modules/pm2/lib/ProcessContainer.js:128:9)
  at WriteStream.EventEmitter.emit (events.js:95:17)
  at WriteStream.<anonymous> (fs.js:1662:10)
  at Object.oncomplete (fs.js:107:15)
ReferenceError: echo is not defined
  at Object.<anonymous> (/Users/Brian/Desktop/demoApp/server.coffee:1:1)
  at Object.<anonymous> (/Users/Brian/Desktop/demoApp/server.coffee:1:1)
  at Module._compile (module.js:456:26)
  at Object.loadFile (/usr/local/lib/node_modules/pm2/node_modules/coffee-script/lib/coffee-script/register.js:16:19)
  at Module.load (/usr/local/lib/node_modules/pm2/node_modules/coffee-script/lib/coffee-script/register.js:45:36)
  at Function.Module._load (module.js:312:12)
  at Module.require (module.js:364:17)
  at require (module.js:380:17)
  at /usr/local/lib/node_modules/pm2/lib/ProcessContainer.js:185:5
  at WriteStream.<anonymous> (/usr/local/lib/node_modules/pm2/lib/ProcessContainer.js:128:9)
  at WriteStream.EventEmitter.emit (events.js:95:17)
  at WriteStream.<anonymous> (fs.js:1662:10)
  at Object.oncomplete (fs.js:107:15)
ReferenceError: echo is not defined
  at Object.<anonymous> (/Users/Brian/Desktop/demoApp/server.coffee:1:1)
  at Object.<anonymous> (/Users/Brian/Desktop/demoApp/server.coffee:1:1)
  at Module._compile (module.js:456:26)
  at Object.loadFile (/usr/local/lib/node_modules/pm2/node_modules/coffee-script/lib/coffee-script/register.js:16:19)
  at Module.load (/usr/local/lib/node_modules/pm2/node_modules/coffee-script/lib/coffee-script/register.js:45:36)
  at Function.Module._load (module.js:312:12)
  at Module.require (module.js:364:17)
  at require (module.js:380:17)
  at /usr/local/lib/node_modules/pm2/lib/ProcessContainer.js:185:5
  at WriteStream.<anonymous> (/usr/local/lib/node_modules/pm2/lib/ProcessContainer.js:128:9)
  at WriteStream.EventEmitter.emit (events.js:95:17)
  at WriteStream.<anonymous> (fs.js:1662:10)
  at Object.oncomplete (fs.js:107:15)
ReferenceError: echo is not defined
  at Object.<anonymous> (/Users/Brian/Desktop/demoApp/server.coffee:1:1)
  at Object.<anonymous> (/Users/Brian/Desktop/demoApp/server.coffee:1:1)
  at Module._compile (module.js:456:26)
  at Object.loadFile (/usr/local/lib/node_modules/pm2/node_modules/coffee-script/lib/coffee-script/register.js:16:19)
  at Module.load (/usr/local/lib/node_modules/pm2/node_modules/coffee-script/lib/coffee-script/register.js:45:36)
  at Function.Module._load (module.js:312:12)
  at Module.require (module.js:364:17)
  at require (module.js:380:17)
  at /usr/local/lib/node_modules/pm2/lib/ProcessContainer.js:185:5
  at WriteStream.<anonymous> (/usr/local/lib/node_modules/pm2/lib/ProcessContainer.js:128:9)
  at WriteStream.EventEmitter.emit (events.js:95:17)
  at WriteStream.<anonymous> (fs.js:1662:10)
  at Object.oncomplete (fs.js:107:15)
ReferenceError: echo is not defined
  at Object.<anonymous> (/Users/Brian/Desktop/demoApp/server.coffee:1:1)
  at Object.<anonymous> (/Users/Brian/Desktop/demoApp/server.coffee:1:1)
  at Module._compile (module.js:456:26)
  at Object.loadFile (/usr/local/lib/node_modules/pm2/node_modules/coffee-script/lib/coffee-script/register.js:16:19)
  at Module.load (/usr/local/lib/node_modules/pm2/node_modules/coffee-script/lib/coffee-script/register.js:45:36)
  at Function.Module._load (module.js:312:12)
  at Module.require (module.js:364:17)
  at require (module.js:380:17)
  at /usr/local/lib/node_modules/pm2/lib/ProcessContainer.js:185:5
  at WriteStream.<anonymous> (/usr/local/lib/node_modules/pm2/lib/ProcessContainer.js:128:9)
  at WriteStream.EventEmitter.emit (events.js:95:17)
  at WriteStream.<anonymous> (fs.js:1662:10)
  at Object.oncomplete (fs.js:107:15)
ReferenceError: echo is not defined
  at Object.<anonymous> (/Users/Brian/Desktop/demoApp/server.coffee:1:1)
  at Object.<anonymous> (/Users/Brian/Desktop/demoApp/server.coffee:1:1)
  at Module._compile (module.js:456:26)
  at Object.loadFile (/usr/local/lib/node_modules/pm2/node_modules/coffee-script/lib/coffee-script/register.js:16:19)
  at Module.load (/usr/local/lib/node_modules/pm2/node_modules/coffee-script/lib/coffee-script/register.js:45:36)
  at Function.Module._load (module.js:312:12)
  at Module.require (module.js:364:17)
  at require (module.js:380:17)
  at /usr/local/lib/node_modules/pm2/lib/ProcessContainer.js:185:5
  at WriteStream.<anonymous> (/usr/local/lib/node_modules/pm2/lib/ProcessContainer.js:128:9)
  at WriteStream.EventEmitter.emit (events.js:95:17)
  at WriteStream.<anonymous> (fs.js:1662:10)
  at Object.oncomplete (fs.js:107:15)
ReferenceError: echo is not defined
  at Object.<anonymous> (/Users/Brian/Desktop/demoApp/server.coffee:1:1)
  at Object.<anonymous> (/Users/Brian/Desktop/demoApp/server.coffee:1:1)
  at Module._compile (module.js:456:26)
  at Object.loadFile (/usr/local/lib/node_modules/pm2/node_modules/coffee-script/lib/coffee-script/register.js:16:19)
  at Module.load (/usr/local/lib/node_modules/pm2/node_modules/coffee-script/lib/coffee-script/register.js:45:36)
  at Function.Module._load (module.js:312:12)
  at Module.require (module.js:364:17)
  at require (module.js:380:17)
  at /usr/local/lib/node_modules/pm2/lib/ProcessContainer.js:185:5
  at WriteStream.<anonymous> (/usr/local/lib/node_modules/pm2/lib/ProcessContainer.js:128:9)
  at WriteStream.EventEmitter.emit (events.js:95:17)
  at WriteStream.<anonymous> (fs.js:1662:10)
  at Object.oncomplete (fs.js:107:15)
ReferenceError: echo is not defined
  at Object.<anonymous> (/Users/Brian/Desktop/demoApp/server.coffee:1:1)
  at Object.<anonymous> (/Users/Brian/Desktop/demoApp/server.coffee:1:1)
  at Module._compile (module.js:456:26)
  at Object.loadFile (/usr/local/lib/node_modules/pm2/node_modules/coffee-script/lib/coffee-script/register.js:16:19)
  at Module.load (/usr/local/lib/node_modules/pm2/node_modules/coffee-script/lib/coffee-script/register.js:45:36)
  at Function.Module._load (module.js:312:12)
  at Module.require (module.js:364:17)
  at require (module.js:380:17)
  at /usr/local/lib/node_modules/pm2/lib/ProcessContainer.js:185:5
  at WriteStream.<anonymous> (/usr/local/lib/node_modules/pm2/lib/ProcessContainer.js:128:9)
  at WriteStream.EventEmitter.emit (events.js:95:17)
  at WriteStream.<anonymous> (fs.js:1662:10)
  at Object.oncomplete (fs.js:107:15)
ReferenceError: echo is not defined
  at Object.<anonymous> (/Users/Brian/Desktop/demoApp/server.coffee:1:1)
  at Object.<anonymous> (/Users/Brian/Desktop/demoApp/server.coffee:1:1)
  at Module._compile (module.js:456:26)
  at Object.loadFile (/usr/local/lib/node_modules/pm2/node_modules/coffee-script/lib/coffee-script/register.js:16:19)
  at Module.load (/usr/local/lib/node_modules/pm2/node_modules/coffee-script/lib/coffee-script/register.js:45:36)
  at Function.Module._load (module.js:312:12)
  at Module.require (module.js:364:17)
  at require (module.js:380:17)
  at /usr/local/lib/node_modules/pm2/lib/ProcessContainer.js:185:5
  at WriteStream.<anonymous> (/usr/local/lib/node_modules/pm2/lib/ProcessContainer.js:128:9)
  at WriteStream.EventEmitter.emit (events.js:95:17)
  at WriteStream.<anonymous> (fs.js:1662:10)
  at Object.oncomplete (fs.js:107:15)
ReferenceError: echo is not defined
  at Object.<anonymous> (/Users/Brian/Desktop/demoApp/server.coffee:1:1)
  at Object.<anonymous> (/Users/Brian/Desktop/demoApp/server.coffee:1:1)
  at Module._compile (module.js:456:26)
  at Object.loadFile (/usr/local/lib/node_modules/pm2/node_modules/coffee-script/lib/coffee-script/register.js:16:19)
  at Module.load (/usr/local/lib/node_modules/pm2/node_modules/coffee-script/lib/coffee-script/register.js:45:36)
  at Function.Module._load (module.js:312:12)
  at Module.require (module.js:364:17)
  at require (module.js:380:17)
  at /usr/local/lib/node_modules/pm2/lib/ProcessContainer.js:185:5
  at WriteStream.<anonymous> (/usr/local/lib/node_modules/pm2/lib/ProcessContainer.js:128:9)
  at WriteStream.EventEmitter.emit (events.js:95:17)
  at WriteStream.<anonymous> (fs.js:1662:10)
  at Object.oncomplete (fs.js:107:15)
ReferenceError: echo is not defined
  at Object.<anonymous> (/Users/Brian/Desktop/demoApp/server.coffee:1:1)
  at Object.<anonymous> (/Users/Brian/Desktop/demoApp/server.coffee:1:1)
  at Module._compile (module.js:456:26)
  at Object.loadFile (/usr/local/lib/node_modules/pm2/node_modules/coffee-script/lib/coffee-script/register.js:16:19)
  at Module.load (/usr/local/lib/node_modules/pm2/node_modules/coffee-script/lib/coffee-script/register.js:45:36)
  at Function.Module._load (module.js:312:12)
  at Module.require (module.js:364:17)
  at require (module.js:380:17)
  at /usr/local/lib/node_modules/pm2/lib/ProcessContainer.js:185:5
  at WriteStream.<anonymous> (/usr/local/lib/node_modules/pm2/lib/ProcessContainer.js:128:9)
  at WriteStream.EventEmitter.emit (events.js:95:17)
  at WriteStream.<anonymous> (fs.js:1662:10)
  at Object.oncomplete (fs.js:107:15)
ReferenceError: echo is not defined
  at Object.<anonymous> (/Users/Brian/Desktop/demoApp/server.coffee:1:1)
  at Object.<anonymous> (/Users/Brian/Desktop/demoApp/server.coffee:1:1)
  at Module._compile (module.js:456:26)
  at Object.loadFile (/usr/local/lib/node_modules/pm2/node_modules/coffee-script/lib/coffee-script/register.js:16:19)
  at Module.load (/usr/local/lib/node_modules/pm2/node_modules/coffee-script/lib/coffee-script/register.js:45:36)
  at Function.Module._load (module.js:312:12)
  at Module.require (module.js:364:17)
  at require (module.js:380:17)
  at /usr/local/lib/node_modules/pm2/lib/ProcessContainer.js:185:5
  at WriteStream.<anonymous> (/usr/local/lib/node_modules/pm2/lib/ProcessContainer.js:128:9)
  at WriteStream.EventEmitter.emit (events.js:95:17)
  at WriteStream.<anonymous> (fs.js:1662:10)
  at Object.oncomplete (fs.js:107:15)
ReferenceError: echo is not defined
  at Object.<anonymous> (/Users/Brian/Desktop/demoApp/server.coffee:1:1)
  at Object.<anonymous> (/Users/Brian/Desktop/demoApp/server.coffee:1:1)
  at Module._compile (module.js:456:26)
  at Object.loadFile (/usr/local/lib/node_modules/pm2/node_modules/coffee-script/lib/coffee-script/register.js:16:19)
  at Module.load (/usr/local/lib/node_modules/pm2/node_modules/coffee-script/lib/coffee-script/register.js:45:36)
  at Function.Module._load (module.js:312:12)
  at Module.require (module.js:364:17)
  at require (module.js:380:17)
  at /usr/local/lib/node_modules/pm2/lib/ProcessContainer.js:185:5
  at WriteStream.<anonymous> (/usr/local/lib/node_modules/pm2/lib/ProcessContainer.js:128:9)
  at WriteStream.EventEmitter.emit (events.js:95:17)
  at WriteStream.<anonymous> (fs.js:1662:10)
  at Object.oncomplete (fs.js:107:15)
